0 info it worked if it ends with ok
1 verbose cli [ '/Users/leo/.nvm/versions/node/v7.4.0/bin/node',
1 verbose cli   '/Users/leo/.nvm/versions/node/v7.4.0/bin/npm',
1 verbose cli   'install',
1 verbose cli   '--save',
1 verbose cli   'socket' ]
2 info using npm@4.0.5
3 info using node@v7.4.0
4 silly loadCurrentTree Starting
5 silly install loadCurrentTree
6 silly install readLocalPackageData
7 silly fetchPackageMetaData socket
8 silly fetchNamedPackageData socket
9 silly mapToRegistry name socket
10 silly mapToRegistry using default registry
11 silly mapToRegistry registry https://registry.npmjs.org/
12 silly mapToRegistry data Result {
12 silly mapToRegistry   raw: 'socket',
12 silly mapToRegistry   scope: null,
12 silly mapToRegistry   escapedName: 'socket',
12 silly mapToRegistry   name: 'socket',
12 silly mapToRegistry   rawSpec: '',
12 silly mapToRegistry   spec: 'latest',
12 silly mapToRegistry   type: 'tag' }
13 silly mapToRegistry uri https://registry.npmjs.org/socket
14 verbose request uri https://registry.npmjs.org/socket
15 verbose request no auth needed
16 info attempt registry request try #1 at 2:20:06 AM
17 verbose request id d5b147b31dee8971
18 http request GET https://registry.npmjs.org/socket
19 http 200 https://registry.npmjs.org/socket
20 verbose headers { server: 'nginx/1.10.1',
20 verbose headers   'content-type': 'application/json',
20 verbose headers   'last-modified': 'Wed, 11 Feb 2015 23:42:12 GMT',
20 verbose headers   etag: 'W/"54dbe8d4-5f3"',
20 verbose headers   'content-encoding': 'gzip',
20 verbose headers   'cache-control': 'max-age=300',
20 verbose headers   'content-length': '640',
20 verbose headers   'accept-ranges': 'bytes',
20 verbose headers   date: 'Thu, 04 May 2017 06:20:07 GMT',
20 verbose headers   via: '1.1 varnish',
20 verbose headers   age: '0',
20 verbose headers   connection: 'keep-alive',
20 verbose headers   'x-served-by': 'cache-iad2139-IAD',
20 verbose headers   'x-cache': 'MISS',
20 verbose headers   'x-cache-hits': '0',
20 verbose headers   'x-timer': 'S1493878808.701188,VS0,VE43',
20 verbose headers   vary: 'Accept-Encoding' }
21 silly get cb [ 200,
21 silly get   { server: 'nginx/1.10.1',
21 silly get     'content-type': 'application/json',
21 silly get     'last-modified': 'Wed, 11 Feb 2015 23:42:12 GMT',
21 silly get     etag: 'W/"54dbe8d4-5f3"',
21 silly get     'content-encoding': 'gzip',
21 silly get     'cache-control': 'max-age=300',
21 silly get     'content-length': '640',
21 silly get     'accept-ranges': 'bytes',
21 silly get     date: 'Thu, 04 May 2017 06:20:07 GMT',
21 silly get     via: '1.1 varnish',
21 silly get     age: '0',
21 silly get     connection: 'keep-alive',
21 silly get     'x-served-by': 'cache-iad2139-IAD',
21 silly get     'x-cache': 'MISS',
21 silly get     'x-cache-hits': '0',
21 silly get     'x-timer': 'S1493878808.701188,VS0,VE43',
21 silly get     vary: 'Accept-Encoding' } ]
22 verbose get saving socket to /Users/leo/.npm/registry.npmjs.org/socket/.cache.json
23 verbose correctMkdir /Users/leo/.npm correctMkdir not in flight; initializing
24 silly install normalizeTree
25 silly loadCurrentTree Finishing
26 silly loadIdealTree Starting
27 silly install loadIdealTree
28 silly cloneCurrentTree Starting
29 silly install cloneCurrentTreeToIdealTree
30 silly cloneCurrentTree Finishing
31 silly loadShrinkwrap Starting
32 silly install loadShrinkwrap
33 silly loadShrinkwrap Finishing
34 silly loadAllDepsIntoIdealTree Starting
35 silly install loadAllDepsIntoIdealTree
36 silly resolveWithNewModule socket@0.0.1 checking installable status
37 silly cache add args [ 'socket', null ]
38 verbose cache add spec socket
39 silly cache add parsed spec Result {
39 silly cache add   raw: 'socket',
39 silly cache add   scope: null,
39 silly cache add   escapedName: 'socket',
39 silly cache add   name: 'socket',
39 silly cache add   rawSpec: '',
39 silly cache add   spec: 'latest',
39 silly cache add   type: 'tag' }
40 silly addNamed socket@latest
41 verbose addNamed "latest" is being treated as a dist-tag for socket
42 info addNameTag [ 'socket', 'latest' ]
43 silly mapToRegistry name socket
44 silly mapToRegistry using default registry
45 silly mapToRegistry registry https://registry.npmjs.org/
46 silly mapToRegistry data Result {
46 silly mapToRegistry   raw: 'socket',
46 silly mapToRegistry   scope: null,
46 silly mapToRegistry   escapedName: 'socket',
46 silly mapToRegistry   name: 'socket',
46 silly mapToRegistry   rawSpec: '',
46 silly mapToRegistry   spec: 'latest',
46 silly mapToRegistry   type: 'tag' }
47 silly mapToRegistry uri https://registry.npmjs.org/socket
48 verbose addNameTag registry:https://registry.npmjs.org/socket not in flight; fetching
49 verbose get https://registry.npmjs.org/socket not expired, no request
50 silly addNameTag next cb for socket with tag latest
51 silly addNamed socket@0.0.1
52 verbose addNamed "0.0.1" is a plain semver version for socket
53 silly mapToRegistry name socket
54 silly mapToRegistry using default registry
55 silly mapToRegistry registry https://registry.npmjs.org/
56 silly mapToRegistry data Result {
56 silly mapToRegistry   raw: 'socket',
56 silly mapToRegistry   scope: null,
56 silly mapToRegistry   escapedName: 'socket',
56 silly mapToRegistry   name: 'socket',
56 silly mapToRegistry   rawSpec: '',
56 silly mapToRegistry   spec: 'latest',
56 silly mapToRegistry   type: 'tag' }
57 silly mapToRegistry uri https://registry.npmjs.org/socket
58 verbose addRemoteTarball https://registry.npmjs.org/socket/-/socket-0.0.1.tgz not in flight; adding
59 verbose addRemoteTarball [ 'https://registry.npmjs.org/socket/-/socket-0.0.1.tgz',
59 verbose addRemoteTarball   '29ac6549f15a65b19f3444a4178d537a8c161a8b' ]
60 info retry fetch attempt 1 at 2:20:06 AM
61 info attempt registry request try #1 at 2:20:06 AM
62 http fetch GET https://registry.npmjs.org/socket/-/socket-0.0.1.tgz
63 http fetch 200 https://registry.npmjs.org/socket/-/socket-0.0.1.tgz
64 silly fetchAndShaCheck shasum 29ac6549f15a65b19f3444a4178d537a8c161a8b
65 verbose addTmpTarball /var/folders/0_/mbt_4tsj37jbj5v_fz_br7ch0000gn/T/npm-18829-355c044d/registry.npmjs.org/socket/-/socket-0.0.1.tgz not in flight; adding
66 verbose addTmpTarball already have metadata; skipping unpack for socket@0.0.1
67 verbose correctMkdir /Users/leo/.npm correctMkdir not in flight; initializing
68 silly cache afterAdd socket@0.0.1
69 verbose afterAdd /Users/leo/.npm/socket/0.0.1/package/package.json not in flight; writing
70 verbose correctMkdir /Users/leo/.npm correctMkdir not in flight; initializing
71 verbose afterAdd /Users/leo/.npm/socket/0.0.1/package/package.json written
72 silly fetchNamedPackageData microtime
73 silly mapToRegistry name microtime
74 silly mapToRegistry using default registry
75 silly mapToRegistry registry https://registry.npmjs.org/
76 silly mapToRegistry data Result {
76 silly mapToRegistry   raw: 'microtime',
76 silly mapToRegistry   scope: null,
76 silly mapToRegistry   escapedName: 'microtime',
76 silly mapToRegistry   name: 'microtime',
76 silly mapToRegistry   rawSpec: '',
76 silly mapToRegistry   spec: 'latest',
76 silly mapToRegistry   type: 'tag' }
77 silly mapToRegistry uri https://registry.npmjs.org/microtime
78 verbose request uri https://registry.npmjs.org/microtime
79 verbose request no auth needed
80 info attempt registry request try #1 at 2:20:06 AM
81 http request GET https://registry.npmjs.org/microtime
82 http 200 https://registry.npmjs.org/microtime
83 verbose headers { server: 'nginx/1.10.1',
83 verbose headers   'content-type': 'application/json',
83 verbose headers   'last-modified': 'Tue, 11 Apr 2017 19:05:51 GMT',
83 verbose headers   etag: 'W/"58ed290f-79d8"',
83 verbose headers   'content-encoding': 'gzip',
83 verbose headers   'cache-control': 'max-age=300',
83 verbose headers   'content-length': '4635',
83 verbose headers   'accept-ranges': 'bytes',
83 verbose headers   date: 'Thu, 04 May 2017 06:20:08 GMT',
83 verbose headers   via: '1.1 varnish',
83 verbose headers   age: '164',
83 verbose headers   connection: 'keep-alive',
83 verbose headers   'x-served-by': 'cache-iad2139-IAD',
83 verbose headers   'x-cache': 'HIT',
83 verbose headers   'x-cache-hits': '1',
83 verbose headers   'x-timer': 'S1493878808.025728,VS0,VE1',
83 verbose headers   vary: 'Accept-Encoding' }
84 silly get cb [ 200,
84 silly get   { server: 'nginx/1.10.1',
84 silly get     'content-type': 'application/json',
84 silly get     'last-modified': 'Tue, 11 Apr 2017 19:05:51 GMT',
84 silly get     etag: 'W/"58ed290f-79d8"',
84 silly get     'content-encoding': 'gzip',
84 silly get     'cache-control': 'max-age=300',
84 silly get     'content-length': '4635',
84 silly get     'accept-ranges': 'bytes',
84 silly get     date: 'Thu, 04 May 2017 06:20:08 GMT',
84 silly get     via: '1.1 varnish',
84 silly get     age: '164',
84 silly get     connection: 'keep-alive',
84 silly get     'x-served-by': 'cache-iad2139-IAD',
84 silly get     'x-cache': 'HIT',
84 silly get     'x-cache-hits': '1',
84 silly get     'x-timer': 'S1493878808.025728,VS0,VE1',
84 silly get     vary: 'Accept-Encoding' } ]
85 verbose get saving microtime to /Users/leo/.npm/registry.npmjs.org/microtime/.cache.json
86 verbose correctMkdir /Users/leo/.npm correctMkdir not in flight; initializing
87 silly resolveWithNewModule microtime@0.2.0 checking installable status
88 silly cache add args [ 'microtime@=0.2.0', null ]
89 verbose cache add spec microtime@=0.2.0
90 silly cache add parsed spec Result {
90 silly cache add   raw: 'microtime@=0.2.0',
90 silly cache add   scope: null,
90 silly cache add   escapedName: 'microtime',
90 silly cache add   name: 'microtime',
90 silly cache add   rawSpec: '=0.2.0',
90 silly cache add   spec: '0.2.0',
90 silly cache add   type: 'version' }
91 silly addNamed microtime@0.2.0
92 verbose addNamed "0.2.0" is a plain semver version for microtime
93 silly mapToRegistry name microtime
94 silly mapToRegistry using default registry
95 silly mapToRegistry registry https://registry.npmjs.org/
96 silly mapToRegistry data Result {
96 silly mapToRegistry   raw: 'microtime',
96 silly mapToRegistry   scope: null,
96 silly mapToRegistry   escapedName: 'microtime',
96 silly mapToRegistry   name: 'microtime',
96 silly mapToRegistry   rawSpec: '',
96 silly mapToRegistry   spec: 'latest',
96 silly mapToRegistry   type: 'tag' }
97 silly mapToRegistry uri https://registry.npmjs.org/microtime
98 verbose addNameVersion registry:https://registry.npmjs.org/microtime not in flight; fetching
99 verbose get https://registry.npmjs.org/microtime not expired, no request
100 silly mapToRegistry name microtime
101 silly mapToRegistry using default registry
102 silly mapToRegistry registry https://registry.npmjs.org/
103 silly mapToRegistry data Result {
103 silly mapToRegistry   raw: 'microtime',
103 silly mapToRegistry   scope: null,
103 silly mapToRegistry   escapedName: 'microtime',
103 silly mapToRegistry   name: 'microtime',
103 silly mapToRegistry   rawSpec: '',
103 silly mapToRegistry   spec: 'latest',
103 silly mapToRegistry   type: 'tag' }
104 silly mapToRegistry uri https://registry.npmjs.org/microtime
105 verbose addRemoteTarball https://registry.npmjs.org/microtime/-/microtime-0.2.0.tgz not in flight; adding
106 verbose addRemoteTarball [ 'https://registry.npmjs.org/microtime/-/microtime-0.2.0.tgz',
106 verbose addRemoteTarball   '45ee5cb061f9948a3ade221e620d5117a8a2bdb4' ]
107 info retry fetch attempt 1 at 2:20:07 AM
108 info attempt registry request try #1 at 2:20:07 AM
109 http fetch GET https://registry.npmjs.org/microtime/-/microtime-0.2.0.tgz
110 http fetch 200 https://registry.npmjs.org/microtime/-/microtime-0.2.0.tgz
111 silly fetchAndShaCheck shasum 45ee5cb061f9948a3ade221e620d5117a8a2bdb4
112 verbose addTmpTarball /var/folders/0_/mbt_4tsj37jbj5v_fz_br7ch0000gn/T/npm-18829-355c044d/registry.npmjs.org/microtime/-/microtime-0.2.0.tgz not in flight; adding
113 verbose addTmpTarball already have metadata; skipping unpack for microtime@0.2.0
114 verbose correctMkdir /Users/leo/.npm correctMkdir not in flight; initializing
115 silly cache afterAdd microtime@0.2.0
116 verbose afterAdd /Users/leo/.npm/microtime/0.2.0/package/package.json not in flight; writing
117 verbose correctMkdir /Users/leo/.npm correctMkdir not in flight; initializing
118 verbose afterAdd /Users/leo/.npm/microtime/0.2.0/package/package.json written
119 silly loadAllDepsIntoIdealTree Finishing
120 silly loadIdealTree Finishing
121 silly currentTree weather-bot@1.0.0
121 silly currentTree ├── accepts@1.3.3
121 silly currentTree ├── ansi-regex@2.1.1
121 silly currentTree ├── ansi-styles@2.2.1
121 silly currentTree ├── array-flatten@1.1.1
121 silly currentTree ├── bindings@1.2.1
121 silly currentTree ├── browser-serialport@2.1.0
121 silly currentTree ├── chalk@1.1.3
121 silly currentTree ├── color-convert@1.2.2
121 silly currentTree ├── commander@2.9.0
121 silly currentTree ├── content-disposition@0.5.2
121 silly currentTree ├── content-type@1.0.2
121 silly currentTree ├── cookie-signature@1.0.6
121 silly currentTree ├── cookie@0.3.1
121 silly currentTree ├── debug@2.6.4
121 silly currentTree ├── define-properties@1.1.2
121 silly currentTree ├── depd@1.1.0
121 silly currentTree ├── destroy@1.0.4
121 silly currentTree ├── ease-component@1.0.0
121 silly currentTree ├── ee-first@1.1.1
121 silly currentTree ├── encodeurl@1.0.1
121 silly currentTree ├── es6-shim@0.35.3
121 silly currentTree ├── escape-html@1.0.3
121 silly currentTree ├── escape-string-regexp@1.0.5
121 silly currentTree ├── etag@1.8.0
121 silly currentTree ├─┬ express@4.15.2
121 silly currentTree │ ├── debug@2.6.1
121 silly currentTree │ └── ms@0.7.2
121 silly currentTree ├── finalhandler@1.0.2
121 silly currentTree ├── firmata@0.16.0
121 silly currentTree ├── foreach@2.0.5
121 silly currentTree ├── forwarded@0.1.0
121 silly currentTree ├── fresh@0.5.0
121 silly currentTree ├── function-bind@1.1.0
121 silly currentTree ├── graceful-readlink@1.0.1
121 silly currentTree ├── has-ansi@2.0.0
121 silly currentTree ├── http-errors@1.6.1
121 silly currentTree ├── immediate@3.0.6
121 silly currentTree ├── inherits@2.0.3
121 silly currentTree ├── ipaddr.js@1.3.0
121 silly currentTree ├── johnny-five@0.10.10
121 silly currentTree ├── lie@3.1.1
121 silly currentTree ├── lodash.clonedeep@4.5.0
121 silly currentTree ├── lodash.debounce@4.0.8
121 silly currentTree ├── media-typer@0.3.0
121 silly currentTree ├── merge-descriptors@1.0.1
121 silly currentTree ├── methods@1.1.2
121 silly currentTree ├── mime-db@1.27.0
121 silly currentTree ├── mime-types@2.1.15
121 silly currentTree ├── mime@1.3.4
121 silly currentTree ├── ms@0.7.3
121 silly currentTree ├── nan@2.6.2
121 silly currentTree ├── nanotimer@0.3.10
121 silly currentTree ├── negotiator@0.6.1
121 silly currentTree ├── object-keys@1.0.11
121 silly currentTree ├── object.assign@4.0.4
121 silly currentTree ├── on-finished@2.3.0
121 silly currentTree ├── parseurl@1.3.1
121 silly currentTree ├── path-to-regexp@0.1.7
121 silly currentTree ├── proxy-addr@1.1.4
121 silly currentTree ├── qs@6.4.0
121 silly currentTree ├── range-parser@1.2.0
121 silly currentTree ├─┬ send@0.15.1
121 silly currentTree │ ├── debug@2.6.1
121 silly currentTree │ └── ms@0.7.2
121 silly currentTree ├─┬ serialport@4.0.7
121 silly currentTree │ └─┬ node-pre-gyp@0.6.32
121 silly currentTree │   ├─┬ mkdirp@0.5.1
121 silly currentTree │   │ └── minimist@0.0.8
121 silly currentTree │   ├─┬ nopt@3.0.6
121 silly currentTree │   │ └── abbrev@1.0.9
121 silly currentTree │   ├─┬ npmlog@4.0.1
121 silly currentTree │   │ ├─┬ are-we-there-yet@1.1.2
121 silly currentTree │   │ │ ├── delegates@1.0.0
121 silly currentTree │   │ │ └─┬ readable-stream@2.2.2
121 silly currentTree │   │ │   ├── buffer-shims@1.0.0
121 silly currentTree │   │ │   ├── core-util-is@1.0.2
121 silly currentTree │   │ │   ├── inherits@2.0.3
121 silly currentTree │   │ │   ├── isarray@1.0.0
121 silly currentTree │   │ │   ├── process-nextick-args@1.0.7
121 silly currentTree │   │ │   ├── string_decoder@0.10.31
121 silly currentTree │   │ │   └── util-deprecate@1.0.2
121 silly currentTree │   │ ├── console-control-strings@1.1.0
121 silly currentTree │   │ ├─┬ gauge@2.7.2
121 silly currentTree │   │ │ ├── aproba@1.0.4
121 silly currentTree │   │ │ ├── has-unicode@2.0.1
121 silly currentTree │   │ │ ├── object-assign@4.1.0
121 silly currentTree │   │ │ ├── signal-exit@3.0.2
121 silly currentTree │   │ │ ├─┬ string-width@1.0.2
121 silly currentTree │   │ │ │ ├── code-point-at@1.1.0
121 silly currentTree │   │ │ │ └─┬ is-fullwidth-code-point@1.0.0
121 silly currentTree │   │ │ │   └── number-is-nan@1.0.1
121 silly currentTree │   │ │ ├─┬ strip-ansi@3.0.1
121 silly currentTree │   │ │ │ └── ansi-regex@2.0.0
121 silly currentTree │   │ │ ├── supports-color@0.2.0
121 silly currentTree │   │ │ └── wide-align@1.1.0
121 silly currentTree │   │ └── set-blocking@2.0.0
121 silly currentTree │   ├─┬ rc@1.1.6
121 silly currentTree │   │ ├── deep-extend@0.4.1
121 silly currentTree │   │ ├── ini@1.3.4
121 silly currentTree │   │ ├── minimist@1.2.0
121 silly currentTree │   │ └── strip-json-comments@1.0.4
121 silly currentTree │   ├─┬ request@2.79.0
121 silly currentTree │   │ ├── aws-sign2@0.6.0
121 silly currentTree │   │ ├── aws4@1.5.0
121 silly currentTree │   │ ├── caseless@0.11.0
121 silly currentTree │   │ ├─┬ combined-stream@1.0.5
121 silly currentTree │   │ │ └── delayed-stream@1.0.0
121 silly currentTree │   │ ├── extend@3.0.0
121 silly currentTree │   │ ├── forever-agent@0.6.1
121 silly currentTree │   │ ├─┬ form-data@2.1.2
121 silly currentTree │   │ │ └── asynckit@0.4.0
121 silly currentTree │   │ ├─┬ har-validator@2.0.6
121 silly currentTree │   │ │ ├─┬ chalk@1.1.3
121 silly currentTree │   │ │ │ ├── ansi-styles@2.2.1
121 silly currentTree │   │ │ │ ├── escape-string-regexp@1.0.5
121 silly currentTree │   │ │ │ ├─┬ has-ansi@2.0.0
121 silly currentTree │   │ │ │ │ └── ansi-regex@2.0.0
121 silly currentTree │   │ │ │ ├─┬ strip-ansi@3.0.1
121 silly currentTree │   │ │ │ │ └── ansi-regex@2.0.0
121 silly currentTree │   │ │ │ └── supports-color@2.0.0
121 silly currentTree │   │ │ ├─┬ is-my-json-valid@2.15.0
121 silly currentTree │   │ │ │ ├── generate-function@2.0.0
121 silly currentTree │   │ │ │ ├─┬ generate-object-property@1.2.0
121 silly currentTree │   │ │ │ │ └── is-property@1.0.2
121 silly currentTree │   │ │ │ ├── jsonpointer@4.0.0
121 silly currentTree │   │ │ │ └── xtend@4.0.1
121 silly currentTree │   │ │ └─┬ pinkie-promise@2.0.1
121 silly currentTree │   │ │   └── pinkie@2.0.4
121 silly currentTree │   │ ├─┬ hawk@3.1.3
121 silly currentTree │   │ │ ├── boom@2.10.1
121 silly currentTree │   │ │ ├── cryptiles@2.0.5
121 silly currentTree │   │ │ ├── hoek@2.16.3
121 silly currentTree │   │ │ └── sntp@1.0.9
121 silly currentTree │   │ ├─┬ http-signature@1.1.1
121 silly currentTree │   │ │ ├── assert-plus@0.2.0
121 silly currentTree │   │ │ ├─┬ jsprim@1.3.1
121 silly currentTree │   │ │ │ ├── extsprintf@1.0.2
121 silly currentTree │   │ │ │ ├── json-schema@0.2.3
121 silly currentTree │   │ │ │ └── verror@1.3.6
121 silly currentTree │   │ │ └─┬ sshpk@1.10.1
121 silly currentTree │   │ │   ├── asn1@0.2.3
121 silly currentTree │   │ │   ├── assert-plus@1.0.0
121 silly currentTree │   │ │   ├── bcrypt-pbkdf@1.0.0
121 silly currentTree │   │ │   ├── dashdash@1.14.1
121 silly currentTree │   │ │   ├── ecc-jsbn@0.1.1
121 silly currentTree │   │ │   ├── getpass@0.1.6
121 silly currentTree │   │ │   ├── jodid25519@1.0.2
121 silly currentTree │   │ │   ├── jsbn@0.1.0
121 silly currentTree │   │ │   └── tweetnacl@0.14.4
121 silly currentTree │   │ ├── is-typedarray@1.0.0
121 silly currentTree │   │ ├── isstream@0.1.2
121 silly currentTree │   │ ├── json-stringify-safe@5.0.1
121 silly currentTree │   │ ├─┬ mime-types@2.1.13
121 silly currentTree │   │ │ └── mime-db@1.25.0
121 silly currentTree │   │ ├── oauth-sign@0.8.2
121 silly currentTree │   │ ├── qs@6.3.0
121 silly currentTree │   │ ├── stringstream@0.0.5
121 silly currentTree │   │ ├─┬ tough-cookie@2.3.2
121 silly currentTree │   │ │ └── punycode@1.4.1
121 silly currentTree │   │ ├── tunnel-agent@0.4.3
121 silly currentTree │   │ └── uuid@3.0.1
121 silly currentTree │   ├─┬ rimraf@2.5.4
121 silly currentTree │   │ └─┬ glob@7.1.1
121 silly currentTree │   │   ├── fs.realpath@1.0.0
121 silly currentTree │   │   ├─┬ inflight@1.0.6
121 silly currentTree │   │   │ └── wrappy@1.0.2
121 silly currentTree │   │   ├── inherits@2.0.3
121 silly currentTree │   │   ├─┬ minimatch@3.0.3
121 silly currentTree │   │   │ └─┬ brace-expansion@1.1.6
121 silly currentTree │   │   │   ├── balanced-match@0.4.2
121 silly currentTree │   │   │   └── concat-map@0.0.1
121 silly currentTree │   │   ├─┬ once@1.4.0
121 silly currentTree │   │   │ └── wrappy@1.0.2
121 silly currentTree │   │   └── path-is-absolute@1.0.1
121 silly currentTree │   ├── semver@5.3.0
121 silly currentTree │   ├─┬ tar-pack@3.3.0
121 silly currentTree │   │ ├─┬ debug@2.2.0
121 silly currentTree │   │ │ └── ms@0.7.1
121 silly currentTree │   │ ├─┬ fstream-ignore@1.0.5
121 silly currentTree │   │ │ ├── inherits@2.0.3
121 silly currentTree │   │ │ └─┬ minimatch@3.0.3
121 silly currentTree │   │ │   └─┬ brace-expansion@1.1.6
121 silly currentTree │   │ │     ├── balanced-match@0.4.2
121 silly currentTree │   │ │     └── concat-map@0.0.1
121 silly currentTree │   │ ├─┬ fstream@1.0.10
121 silly currentTree │   │ │ ├── graceful-fs@4.1.11
121 silly currentTree │   │ │ └── inherits@2.0.3
121 silly currentTree │   │ ├─┬ once@1.3.3
121 silly currentTree │   │ │ └── wrappy@1.0.2
121 silly currentTree │   │ ├─┬ readable-stream@2.1.5
121 silly currentTree │   │ │ ├── buffer-shims@1.0.0
121 silly currentTree │   │ │ ├── core-util-is@1.0.2
121 silly currentTree │   │ │ ├── inherits@2.0.3
121 silly currentTree │   │ │ ├── isarray@1.0.0
121 silly currentTree │   │ │ ├── process-nextick-args@1.0.7
121 silly currentTree │   │ │ ├── string_decoder@0.10.31
121 silly currentTree │   │ │ └── util-deprecate@1.0.2
121 silly currentTree │   │ └── uid-number@0.0.6
121 silly currentTree │   └─┬ tar@2.2.1
121 silly currentTree │     ├── block-stream@0.0.9
121 silly currentTree │     ├─┬ fstream@1.0.10
121 silly currentTree │     │ └── graceful-fs@4.1.11
121 silly currentTree │     └── inherits@2.0.3
121 silly currentTree ├── serve-static@1.12.1
121 silly currentTree ├── setprototypeof@1.0.3
121 silly currentTree ├── statuses@1.3.1
121 silly currentTree ├── strip-ansi@3.0.1
121 silly currentTree ├── supports-color@2.0.0
121 silly currentTree ├── temporal@0.5.0
121 silly currentTree ├── type-is@1.6.15
121 silly currentTree ├── unpipe@1.0.0
121 silly currentTree ├── utils-merge@1.0.0
121 silly currentTree └── vary@1.1.1
122 silly idealTree weather-bot@1.0.0
122 silly idealTree ├── accepts@1.3.3
122 silly idealTree ├── ansi-regex@2.1.1
122 silly idealTree ├── ansi-styles@2.2.1
122 silly idealTree ├── array-flatten@1.1.1
122 silly idealTree ├── bindings@1.2.1
122 silly idealTree ├── browser-serialport@2.1.0
122 silly idealTree ├── chalk@1.1.3
122 silly idealTree ├── color-convert@1.2.2
122 silly idealTree ├── commander@2.9.0
122 silly idealTree ├── content-disposition@0.5.2
122 silly idealTree ├── content-type@1.0.2
122 silly idealTree ├── cookie-signature@1.0.6
122 silly idealTree ├── cookie@0.3.1
122 silly idealTree ├── debug@2.6.4
122 silly idealTree ├── define-properties@1.1.2
122 silly idealTree ├── depd@1.1.0
122 silly idealTree ├── destroy@1.0.4
122 silly idealTree ├── ease-component@1.0.0
122 silly idealTree ├── ee-first@1.1.1
122 silly idealTree ├── encodeurl@1.0.1
122 silly idealTree ├── es6-shim@0.35.3
122 silly idealTree ├── escape-html@1.0.3
122 silly idealTree ├── escape-string-regexp@1.0.5
122 silly idealTree ├── etag@1.8.0
122 silly idealTree ├─┬ express@4.15.2
122 silly idealTree │ ├── debug@2.6.1
122 silly idealTree │ └── ms@0.7.2
122 silly idealTree ├── finalhandler@1.0.2
122 silly idealTree ├── firmata@0.16.0
122 silly idealTree ├── foreach@2.0.5
122 silly idealTree ├── forwarded@0.1.0
122 silly idealTree ├── fresh@0.5.0
122 silly idealTree ├── function-bind@1.1.0
122 silly idealTree ├── graceful-readlink@1.0.1
122 silly idealTree ├── has-ansi@2.0.0
122 silly idealTree ├── http-errors@1.6.1
122 silly idealTree ├── immediate@3.0.6
122 silly idealTree ├── inherits@2.0.3
122 silly idealTree ├── ipaddr.js@1.3.0
122 silly idealTree ├── johnny-five@0.10.10
122 silly idealTree ├── lie@3.1.1
122 silly idealTree ├── lodash.clonedeep@4.5.0
122 silly idealTree ├── lodash.debounce@4.0.8
122 silly idealTree ├── media-typer@0.3.0
122 silly idealTree ├── merge-descriptors@1.0.1
122 silly idealTree ├── methods@1.1.2
122 silly idealTree ├── microtime@0.2.0
122 silly idealTree ├── mime-db@1.27.0
122 silly idealTree ├── mime-types@2.1.15
122 silly idealTree ├── mime@1.3.4
122 silly idealTree ├── ms@0.7.3
122 silly idealTree ├── nan@2.6.2
122 silly idealTree ├── nanotimer@0.3.10
122 silly idealTree ├── negotiator@0.6.1
122 silly idealTree ├── object-keys@1.0.11
122 silly idealTree ├── object.assign@4.0.4
122 silly idealTree ├── on-finished@2.3.0
122 silly idealTree ├── parseurl@1.3.1
122 silly idealTree ├── path-to-regexp@0.1.7
122 silly idealTree ├── proxy-addr@1.1.4
122 silly idealTree ├── qs@6.4.0
122 silly idealTree ├── range-parser@1.2.0
122 silly idealTree ├─┬ send@0.15.1
122 silly idealTree │ ├── debug@2.6.1
122 silly idealTree │ └── ms@0.7.2
122 silly idealTree ├─┬ serialport@4.0.7
122 silly idealTree │ └─┬ node-pre-gyp@0.6.32
122 silly idealTree │   ├─┬ mkdirp@0.5.1
122 silly idealTree │   │ └── minimist@0.0.8
122 silly idealTree │   ├─┬ nopt@3.0.6
122 silly idealTree │   │ └── abbrev@1.0.9
122 silly idealTree │   ├─┬ npmlog@4.0.1
122 silly idealTree │   │ ├─┬ are-we-there-yet@1.1.2
122 silly idealTree │   │ │ ├── delegates@1.0.0
122 silly idealTree │   │ │ └─┬ readable-stream@2.2.2
122 silly idealTree │   │ │   ├── buffer-shims@1.0.0
122 silly idealTree │   │ │   ├── core-util-is@1.0.2
122 silly idealTree │   │ │   ├── inherits@2.0.3
122 silly idealTree │   │ │   ├── isarray@1.0.0
122 silly idealTree │   │ │   ├── process-nextick-args@1.0.7
122 silly idealTree │   │ │   ├── string_decoder@0.10.31
122 silly idealTree │   │ │   └── util-deprecate@1.0.2
122 silly idealTree │   │ ├── console-control-strings@1.1.0
122 silly idealTree │   │ ├─┬ gauge@2.7.2
122 silly idealTree │   │ │ ├── aproba@1.0.4
122 silly idealTree │   │ │ ├── has-unicode@2.0.1
122 silly idealTree │   │ │ ├── object-assign@4.1.0
122 silly idealTree │   │ │ ├── signal-exit@3.0.2
122 silly idealTree │   │ │ ├─┬ string-width@1.0.2
122 silly idealTree │   │ │ │ ├── code-point-at@1.1.0
122 silly idealTree │   │ │ │ └─┬ is-fullwidth-code-point@1.0.0
122 silly idealTree │   │ │ │   └── number-is-nan@1.0.1
122 silly idealTree │   │ │ ├─┬ strip-ansi@3.0.1
122 silly idealTree │   │ │ │ └── ansi-regex@2.0.0
122 silly idealTree │   │ │ ├── supports-color@0.2.0
122 silly idealTree │   │ │ └── wide-align@1.1.0
122 silly idealTree │   │ └── set-blocking@2.0.0
122 silly idealTree │   ├─┬ rc@1.1.6
122 silly idealTree │   │ ├── deep-extend@0.4.1
122 silly idealTree │   │ ├── ini@1.3.4
122 silly idealTree │   │ ├── minimist@1.2.0
122 silly idealTree │   │ └── strip-json-comments@1.0.4
122 silly idealTree │   ├─┬ request@2.79.0
122 silly idealTree │   │ ├── aws-sign2@0.6.0
122 silly idealTree │   │ ├── aws4@1.5.0
122 silly idealTree │   │ ├── caseless@0.11.0
122 silly idealTree │   │ ├─┬ combined-stream@1.0.5
122 silly idealTree │   │ │ └── delayed-stream@1.0.0
122 silly idealTree │   │ ├── extend@3.0.0
122 silly idealTree │   │ ├── forever-agent@0.6.1
122 silly idealTree │   │ ├─┬ form-data@2.1.2
122 silly idealTree │   │ │ └── asynckit@0.4.0
122 silly idealTree │   │ ├─┬ har-validator@2.0.6
122 silly idealTree │   │ │ ├─┬ chalk@1.1.3
122 silly idealTree │   │ │ │ ├── ansi-styles@2.2.1
122 silly idealTree │   │ │ │ ├── escape-string-regexp@1.0.5
122 silly idealTree │   │ │ │ ├─┬ has-ansi@2.0.0
122 silly idealTree │   │ │ │ │ └── ansi-regex@2.0.0
122 silly idealTree │   │ │ │ ├─┬ strip-ansi@3.0.1
122 silly idealTree │   │ │ │ │ └── ansi-regex@2.0.0
122 silly idealTree │   │ │ │ └── supports-color@2.0.0
122 silly idealTree │   │ │ ├─┬ is-my-json-valid@2.15.0
122 silly idealTree │   │ │ │ ├── generate-function@2.0.0
122 silly idealTree │   │ │ │ ├─┬ generate-object-property@1.2.0
122 silly idealTree │   │ │ │ │ └── is-property@1.0.2
122 silly idealTree │   │ │ │ ├── jsonpointer@4.0.0
122 silly idealTree │   │ │ │ └── xtend@4.0.1
122 silly idealTree │   │ │ └─┬ pinkie-promise@2.0.1
122 silly idealTree │   │ │   └── pinkie@2.0.4
122 silly idealTree │   │ ├─┬ hawk@3.1.3
122 silly idealTree │   │ │ ├── boom@2.10.1
122 silly idealTree │   │ │ ├── cryptiles@2.0.5
122 silly idealTree │   │ │ ├── hoek@2.16.3
122 silly idealTree │   │ │ └── sntp@1.0.9
122 silly idealTree │   │ ├─┬ http-signature@1.1.1
122 silly idealTree │   │ │ ├── assert-plus@0.2.0
122 silly idealTree │   │ │ ├─┬ jsprim@1.3.1
122 silly idealTree │   │ │ │ ├── extsprintf@1.0.2
122 silly idealTree │   │ │ │ ├── json-schema@0.2.3
122 silly idealTree │   │ │ │ └── verror@1.3.6
122 silly idealTree │   │ │ └─┬ sshpk@1.10.1
122 silly idealTree │   │ │   ├── asn1@0.2.3
122 silly idealTree │   │ │   ├── assert-plus@1.0.0
122 silly idealTree │   │ │   ├── bcrypt-pbkdf@1.0.0
122 silly idealTree │   │ │   ├── dashdash@1.14.1
122 silly idealTree │   │ │   ├── ecc-jsbn@0.1.1
122 silly idealTree │   │ │   ├── getpass@0.1.6
122 silly idealTree │   │ │   ├── jodid25519@1.0.2
122 silly idealTree │   │ │   ├── jsbn@0.1.0
122 silly idealTree │   │ │   └── tweetnacl@0.14.4
122 silly idealTree │   │ ├── is-typedarray@1.0.0
122 silly idealTree │   │ ├── isstream@0.1.2
122 silly idealTree │   │ ├── json-stringify-safe@5.0.1
122 silly idealTree │   │ ├─┬ mime-types@2.1.13
122 silly idealTree │   │ │ └── mime-db@1.25.0
122 silly idealTree │   │ ├── oauth-sign@0.8.2
122 silly idealTree │   │ ├── qs@6.3.0
122 silly idealTree │   │ ├── stringstream@0.0.5
122 silly idealTree │   │ ├─┬ tough-cookie@2.3.2
122 silly idealTree │   │ │ └── punycode@1.4.1
122 silly idealTree │   │ ├── tunnel-agent@0.4.3
122 silly idealTree │   │ └── uuid@3.0.1
122 silly idealTree │   ├─┬ rimraf@2.5.4
122 silly idealTree │   │ └─┬ glob@7.1.1
122 silly idealTree │   │   ├── fs.realpath@1.0.0
122 silly idealTree │   │   ├─┬ inflight@1.0.6
122 silly idealTree │   │   │ └── wrappy@1.0.2
122 silly idealTree │   │   ├── inherits@2.0.3
122 silly idealTree │   │   ├─┬ minimatch@3.0.3
122 silly idealTree │   │   │ └─┬ brace-expansion@1.1.6
122 silly idealTree │   │   │   ├── balanced-match@0.4.2
122 silly idealTree │   │   │   └── concat-map@0.0.1
122 silly idealTree │   │   ├─┬ once@1.4.0
122 silly idealTree │   │   │ └── wrappy@1.0.2
122 silly idealTree │   │   └── path-is-absolute@1.0.1
122 silly idealTree │   ├── semver@5.3.0
122 silly idealTree │   ├─┬ tar-pack@3.3.0
122 silly idealTree │   │ ├─┬ debug@2.2.0
122 silly idealTree │   │ │ └── ms@0.7.1
122 silly idealTree │   │ ├─┬ fstream-ignore@1.0.5
122 silly idealTree │   │ │ ├── inherits@2.0.3
122 silly idealTree │   │ │ └─┬ minimatch@3.0.3
122 silly idealTree │   │ │   └─┬ brace-expansion@1.1.6
122 silly idealTree │   │ │     ├── balanced-match@0.4.2
122 silly idealTree │   │ │     └── concat-map@0.0.1
122 silly idealTree │   │ ├─┬ fstream@1.0.10
122 silly idealTree │   │ │ ├── graceful-fs@4.1.11
122 silly idealTree │   │ │ └── inherits@2.0.3
122 silly idealTree │   │ ├─┬ once@1.3.3
122 silly idealTree │   │ │ └── wrappy@1.0.2
122 silly idealTree │   │ ├─┬ readable-stream@2.1.5
122 silly idealTree │   │ │ ├── buffer-shims@1.0.0
122 silly idealTree │   │ │ ├── core-util-is@1.0.2
122 silly idealTree │   │ │ ├── inherits@2.0.3
122 silly idealTree │   │ │ ├── isarray@1.0.0
122 silly idealTree │   │ │ ├── process-nextick-args@1.0.7
122 silly idealTree │   │ │ ├── string_decoder@0.10.31
122 silly idealTree │   │ │ └── util-deprecate@1.0.2
122 silly idealTree │   │ └── uid-number@0.0.6
122 silly idealTree │   └─┬ tar@2.2.1
122 silly idealTree │     ├── block-stream@0.0.9
122 silly idealTree │     ├─┬ fstream@1.0.10
122 silly idealTree │     │ └── graceful-fs@4.1.11
122 silly idealTree │     └── inherits@2.0.3
122 silly idealTree ├── serve-static@1.12.1
122 silly idealTree ├── setprototypeof@1.0.3
122 silly idealTree ├── socket@0.0.1
122 silly idealTree ├── statuses@1.3.1
122 silly idealTree ├── strip-ansi@3.0.1
122 silly idealTree ├── supports-color@2.0.0
122 silly idealTree ├── temporal@0.5.0
122 silly idealTree ├── type-is@1.6.15
122 silly idealTree ├── unpipe@1.0.0
122 silly idealTree ├── utils-merge@1.0.0
122 silly idealTree └── vary@1.1.1
123 silly generateActionsToTake Starting
124 silly install generateActionsToTake
125 silly generateActionsToTake Finishing
126 silly diffTrees action count 2
127 silly diffTrees add microtime@0.2.0
128 silly diffTrees add socket@0.0.1
129 silly decomposeActions action count 16
130 silly decomposeActions fetch microtime@0.2.0
131 silly decomposeActions extract microtime@0.2.0
132 silly decomposeActions test microtime@0.2.0
133 silly decomposeActions preinstall microtime@0.2.0
134 silly decomposeActions build microtime@0.2.0
135 silly decomposeActions install microtime@0.2.0
136 silly decomposeActions postinstall microtime@0.2.0
137 silly decomposeActions finalize microtime@0.2.0
138 silly decomposeActions fetch socket@0.0.1
139 silly decomposeActions extract socket@0.0.1
140 silly decomposeActions test socket@0.0.1
141 silly decomposeActions preinstall socket@0.0.1
142 silly decomposeActions build socket@0.0.1
143 silly decomposeActions install socket@0.0.1
144 silly decomposeActions postinstall socket@0.0.1
145 silly decomposeActions finalize socket@0.0.1
146 silly runTopLevelLifecycles Starting
147 silly executeActions Starting
148 silly install executeActions
149 silly doSerial global-install 0
150 silly doParallel fetch 2
151 verbose correctMkdir /Users/leo/.npm/_locks correctMkdir not in flight; initializing
152 verbose lock using /Users/leo/.npm/_locks/staging-2fd921d0f120b332.lock for /Users/leo/Downloads/weather-master/Weather/node_modules/.staging
153 silly doParallel extract 2
154 silly extract microtime@0.2.0
155 silly extract socket@0.0.1
156 verbose unbuild node_modules/.staging/microtime-dea8251a
157 verbose unbuild node_modules/.staging/socket-798d1959
158 silly gentlyRm /Users/leo/Downloads/weather-master/Weather/node_modules/.staging/microtime-dea8251a is being purged from base /Users/leo/Downloads/weather-master/Weather
159 verbose gentlyRm don't care about contents; nuking /Users/leo/Downloads/weather-master/Weather/node_modules/.staging/microtime-dea8251a
160 verbose tar unpack /Users/leo/.npm/microtime/0.2.0/package.tgz
161 verbose tar unpacking to /Users/leo/Downloads/weather-master/Weather/node_modules/.staging/microtime-dea8251a
162 silly gentlyRm /Users/leo/Downloads/weather-master/Weather/node_modules/.staging/microtime-dea8251a is being purged
163 verbose gentlyRm don't care about contents; nuking /Users/leo/Downloads/weather-master/Weather/node_modules/.staging/microtime-dea8251a
164 silly gentlyRm /Users/leo/Downloads/weather-master/Weather/node_modules/.staging/socket-798d1959 is being purged from base /Users/leo/Downloads/weather-master/Weather
165 verbose gentlyRm don't care about contents; nuking /Users/leo/Downloads/weather-master/Weather/node_modules/.staging/socket-798d1959
166 silly gunzTarPerm modes [ '755', '644' ]
167 verbose tar unpack /Users/leo/.npm/socket/0.0.1/package.tgz
168 verbose tar unpacking to /Users/leo/Downloads/weather-master/Weather/node_modules/.staging/socket-798d1959
169 silly gentlyRm /Users/leo/Downloads/weather-master/Weather/node_modules/.staging/socket-798d1959 is being purged
170 verbose gentlyRm don't care about contents; nuking /Users/leo/Downloads/weather-master/Weather/node_modules/.staging/socket-798d1959
171 silly gunzTarPerm modes [ '755', '644' ]
172 silly gunzTarPerm extractEntry index.js
173 silly gunzTarPerm extractEntry examples/
174 silly gunzTarPerm extractEntry LICENSE
175 silly gunzTarPerm extractEntry package.json
176 silly gunzTarPerm extractEntry examples/echo-server.js
177 silly gunzTarPerm extractEntry examples/simple-test.js
178 silly gunzTarPerm extractEntry examples/simple-time-server.js
179 silly gunzTarPerm extractEntry README.md
180 silly gunzTarPerm extractEntry test.js
181 silly gunzTarPerm extractEntry index.js
182 silly gunzTarPerm extractEntry lib/
183 silly gunzTarPerm extractEntry wscript
184 silly gunzTarPerm extractEntry src/microtime.cc
185 silly gunzTarPerm extractEntry lib/index.js
186 silly gunzTarPerm extractEntry lib/middleware/
187 silly gunzTarPerm extractEntry lib/middleware/echo.js
188 silly gunzTarPerm extractEntry lib/middleware/errorHandler.js
189 silly gunzTarPerm extractEntry lib/middleware/json.js
190 silly gunzTarPerm extractEntry lib/middleware/profiler.js
191 silly gunzTarPerm extractEntry lib/proto.js
192 silly gunzTarPerm extractEntry lib/utils.js
193 silly gunzTarPerm extractEntry nbproject/
194 silly gunzTarPerm extractEntry nbproject/private/
195 silly gunzTarPerm extractEntry nbproject/private/private.properties
196 silly gunzTarPerm extractEntry nbproject/project.properties
197 silly gunzTarPerm extractEntry nbproject/project.xml
198 silly gunzTarPerm extractEntry package.json
199 silly gunzTarPerm extractEntry scripts/
200 silly gunzTarPerm extractEntry scripts/lint
201 silly gentlyRm /Users/leo/Downloads/weather-master/Weather/node_modules/.staging/microtime-dea8251a/node_modules is being purged
202 verbose gentlyRm don't care about contents; nuking /Users/leo/Downloads/weather-master/Weather/node_modules/.staging/microtime-dea8251a/node_modules
203 silly gentlyRm /Users/leo/Downloads/weather-master/Weather/node_modules/.staging/socket-798d1959/node_modules is being purged
204 verbose gentlyRm don't care about contents; nuking /Users/leo/Downloads/weather-master/Weather/node_modules/.staging/socket-798d1959/node_modules
205 silly doParallel preinstall 2
206 silly preinstall microtime@0.2.0
207 info lifecycle microtime@0.2.0~preinstall: microtime@0.2.0
208 silly preinstall socket@0.0.1
209 info lifecycle socket@0.0.1~preinstall: socket@0.0.1
210 silly lifecycle microtime@0.2.0~preinstall: no script for preinstall, continuing
211 silly lifecycle socket@0.0.1~preinstall: no script for preinstall, continuing
212 silly doReverseSerial remove 0
213 silly doSerial move 0
214 silly doSerial finalize 2
215 silly finalize /Users/leo/Downloads/weather-master/Weather/node_modules/microtime
216 silly finalize /Users/leo/Downloads/weather-master/Weather/node_modules/socket
217 silly doSerial build 2
218 silly build microtime@0.2.0
219 info linkStuff microtime@0.2.0
220 silly linkStuff microtime@0.2.0 has /Users/leo/Downloads/weather-master/Weather/node_modules as its parent node_modules
221 verbose linkBins microtime@0.2.0
222 verbose linkMans microtime@0.2.0
223 silly build socket@0.0.1
224 info linkStuff socket@0.0.1
225 silly linkStuff socket@0.0.1 has /Users/leo/Downloads/weather-master/Weather/node_modules as its parent node_modules
226 verbose linkBins socket@0.0.1
227 verbose linkMans socket@0.0.1
228 silly doSerial global-link 0
229 silly doParallel update-linked 0
230 silly doSerial install 2
231 silly install microtime@0.2.0
232 info lifecycle microtime@0.2.0~install: microtime@0.2.0
233 verbose lifecycle microtime@0.2.0~install: unsafe-perm in lifecycle true
234 verbose lifecycle microtime@0.2.0~install: PATH: /Users/leo/.nvm/versions/node/v7.4.0/lib/node_modules/npm/bin/node-gyp-bin:/Users/leo/Downloads/weather-master/Weather/node_modules/microtime/node_modules/.bin:/Users/leo/Downloads/weather-master/Weather/node_modules/.bin:/Users/leo/.nvm/versions/node/v7.4.0/bin:/usr/local/bin:/usr/bin:/bin:/usr/sbin:/sbin
235 verbose lifecycle microtime@0.2.0~install: CWD: /Users/leo/Downloads/weather-master/Weather/node_modules/microtime
236 silly lifecycle microtime@0.2.0~install: Args: [ '-c', 'node-waf configure build' ]
237 info lifecycle microtime@0.2.0~install: Failed to exec install script
238 verbose unlock done using /Users/leo/.npm/_locks/staging-2fd921d0f120b332.lock for /Users/leo/Downloads/weather-master/Weather/node_modules/.staging
239 silly rollbackFailedOptional Starting
240 silly gentlyRm /Users/leo/Downloads/weather-master/Weather/node_modules/microtime is being purged from base /Users/leo/Downloads/weather-master/Weather
241 verbose gentlyRm don't care about contents; nuking /Users/leo/Downloads/weather-master/Weather/node_modules/microtime
242 silly gentlyRm /Users/leo/Downloads/weather-master/Weather/node_modules/microtime is being purged from base /Users/leo/Downloads/weather-master/Weather
243 verbose gentlyRm don't care about contents; nuking /Users/leo/Downloads/weather-master/Weather/node_modules/microtime
244 silly gentlyRm /Users/leo/Downloads/weather-master/Weather/node_modules/microtime is being purged from base /Users/leo/Downloads/weather-master/Weather
245 verbose gentlyRm don't care about contents; nuking /Users/leo/Downloads/weather-master/Weather/node_modules/microtime
246 silly gentlyRm /Users/leo/Downloads/weather-master/Weather/node_modules/microtime is being purged from base /Users/leo/Downloads/weather-master/Weather
247 verbose gentlyRm don't care about contents; nuking /Users/leo/Downloads/weather-master/Weather/node_modules/microtime
248 silly gentlyRm /Users/leo/Downloads/weather-master/Weather/node_modules/microtime is being purged from base /Users/leo/Downloads/weather-master/Weather
249 verbose gentlyRm don't care about contents; nuking /Users/leo/Downloads/weather-master/Weather/node_modules/microtime
250 silly gentlyRm /Users/leo/Downloads/weather-master/Weather/node_modules/microtime is being purged from base /Users/leo/Downloads/weather-master/Weather
251 verbose gentlyRm don't care about contents; nuking /Users/leo/Downloads/weather-master/Weather/node_modules/microtime
252 silly gentlyRm /Users/leo/Downloads/weather-master/Weather/node_modules/microtime is being purged from base /Users/leo/Downloads/weather-master/Weather
253 verbose gentlyRm don't care about contents; nuking /Users/leo/Downloads/weather-master/Weather/node_modules/microtime
254 silly gentlyRm /Users/leo/Downloads/weather-master/Weather/node_modules/microtime is being purged from base /Users/leo/Downloads/weather-master/Weather
255 verbose gentlyRm don't care about contents; nuking /Users/leo/Downloads/weather-master/Weather/node_modules/microtime
256 silly gentlyRm /Users/leo/Downloads/weather-master/Weather/node_modules/socket is being purged from base /Users/leo/Downloads/weather-master/Weather
257 verbose gentlyRm don't care about contents; nuking /Users/leo/Downloads/weather-master/Weather/node_modules/socket
258 silly gentlyRm /Users/leo/Downloads/weather-master/Weather/node_modules/socket is being purged from base /Users/leo/Downloads/weather-master/Weather
259 verbose gentlyRm don't care about contents; nuking /Users/leo/Downloads/weather-master/Weather/node_modules/socket
260 silly gentlyRm /Users/leo/Downloads/weather-master/Weather/node_modules/socket is being purged from base /Users/leo/Downloads/weather-master/Weather
261 verbose gentlyRm don't care about contents; nuking /Users/leo/Downloads/weather-master/Weather/node_modules/socket
262 silly gentlyRm /Users/leo/Downloads/weather-master/Weather/node_modules/socket is being purged from base /Users/leo/Downloads/weather-master/Weather
263 verbose gentlyRm don't care about contents; nuking /Users/leo/Downloads/weather-master/Weather/node_modules/socket
264 silly gentlyRm /Users/leo/Downloads/weather-master/Weather/node_modules/socket is being purged from base /Users/leo/Downloads/weather-master/Weather
265 verbose gentlyRm don't care about contents; nuking /Users/leo/Downloads/weather-master/Weather/node_modules/socket
266 silly gentlyRm /Users/leo/Downloads/weather-master/Weather/node_modules/socket is being purged from base /Users/leo/Downloads/weather-master/Weather
267 verbose gentlyRm don't care about contents; nuking /Users/leo/Downloads/weather-master/Weather/node_modules/socket
268 silly gentlyRm /Users/leo/Downloads/weather-master/Weather/node_modules/socket is being purged from base /Users/leo/Downloads/weather-master/Weather
269 verbose gentlyRm don't care about contents; nuking /Users/leo/Downloads/weather-master/Weather/node_modules/socket
270 silly gentlyRm /Users/leo/Downloads/weather-master/Weather/node_modules/socket is being purged from base /Users/leo/Downloads/weather-master/Weather
271 verbose gentlyRm don't care about contents; nuking /Users/leo/Downloads/weather-master/Weather/node_modules/socket
272 silly vacuum-fs purging /Users/leo/Downloads/weather-master/Weather/node_modules/microtime
273 silly vacuum-fs purging /Users/leo/Downloads/weather-master/Weather/node_modules/microtime
274 silly vacuum-fs purging /Users/leo/Downloads/weather-master/Weather/node_modules/microtime
275 silly vacuum-fs purging /Users/leo/Downloads/weather-master/Weather/node_modules/microtime
276 silly vacuum-fs purging /Users/leo/Downloads/weather-master/Weather/node_modules/microtime
277 silly vacuum-fs purging /Users/leo/Downloads/weather-master/Weather/node_modules/microtime
278 silly vacuum-fs purging /Users/leo/Downloads/weather-master/Weather/node_modules/microtime
279 silly vacuum-fs purging /Users/leo/Downloads/weather-master/Weather/node_modules/microtime
280 silly vacuum-fs purging /Users/leo/Downloads/weather-master/Weather/node_modules/socket
281 silly vacuum-fs purging /Users/leo/Downloads/weather-master/Weather/node_modules/socket
282 silly vacuum-fs purging /Users/leo/Downloads/weather-master/Weather/node_modules/socket
283 silly vacuum-fs purging /Users/leo/Downloads/weather-master/Weather/node_modules/socket
284 silly vacuum-fs purging /Users/leo/Downloads/weather-master/Weather/node_modules/socket
285 silly vacuum-fs purging /Users/leo/Downloads/weather-master/Weather/node_modules/socket
286 silly vacuum-fs purging /Users/leo/Downloads/weather-master/Weather/node_modules/socket
287 silly vacuum-fs purging /Users/leo/Downloads/weather-master/Weather/node_modules/socket
288 silly vacuum-fs quitting because other entries in /Users/leo/Downloads/weather-master/Weather/node_modules
289 silly vacuum-fs quitting because other entries in /Users/leo/Downloads/weather-master/Weather/node_modules
290 silly vacuum-fs quitting because other entries in /Users/leo/Downloads/weather-master/Weather/node_modules
291 silly vacuum-fs quitting because other entries in /Users/leo/Downloads/weather-master/Weather/node_modules
292 silly vacuum-fs quitting because other entries in /Users/leo/Downloads/weather-master/Weather/node_modules
293 silly vacuum-fs quitting because other entries in /Users/leo/Downloads/weather-master/Weather/node_modules
294 silly vacuum-fs quitting because other entries in /Users/leo/Downloads/weather-master/Weather/node_modules
295 silly vacuum-fs quitting because other entries in /Users/leo/Downloads/weather-master/Weather/node_modules
296 silly vacuum-fs quitting because other entries in /Users/leo/Downloads/weather-master/Weather/node_modules
297 silly vacuum-fs quitting because other entries in /Users/leo/Downloads/weather-master/Weather/node_modules
298 silly vacuum-fs quitting because other entries in /Users/leo/Downloads/weather-master/Weather/node_modules
299 silly vacuum-fs quitting because other entries in /Users/leo/Downloads/weather-master/Weather/node_modules
300 silly vacuum-fs quitting because other entries in /Users/leo/Downloads/weather-master/Weather/node_modules
301 silly vacuum-fs quitting because other entries in /Users/leo/Downloads/weather-master/Weather/node_modules
302 silly vacuum-fs quitting because other entries in /Users/leo/Downloads/weather-master/Weather/node_modules
303 silly vacuum-fs quitting because other entries in /Users/leo/Downloads/weather-master/Weather/node_modules
304 silly rollbackFailedOptional Finishing
305 silly runTopLevelLifecycles Finishing
306 silly install printInstalled
307 warn weather-bot@1.0.0 No repository field.
308 verbose If you need help, you may report this error at:
308 verbose     <https://github.com/npm/npm/issues>
309 verbose stack Error: microtime@0.2.0 install: `node-waf configure build`
309 verbose stack spawn ENOENT
309 verbose stack     at ChildProcess.<anonymous> (/Users/leo/.nvm/versions/node/v7.4.0/lib/node_modules/npm/lib/utils/spawn.js:33:16)
309 verbose stack     at emitTwo (events.js:106:13)
309 verbose stack     at ChildProcess.emit (events.js:191:7)
309 verbose stack     at maybeClose (internal/child_process.js:885:16)
309 verbose stack     at Process.ChildProcess._handle.onexit (internal/child_process.js:226:5)
310 verbose pkgid microtime@0.2.0
311 verbose cwd /Users/leo/Downloads/weather-master/Weather
312 error Darwin 16.4.0
313 error argv "/Users/leo/.nvm/versions/node/v7.4.0/bin/node" "/Users/leo/.nvm/versions/node/v7.4.0/bin/npm" "install" "--save" "socket"
314 error node v7.4.0
315 error npm  v4.0.5
316 error file sh
317 error code ELIFECYCLE
318 error errno ENOENT
319 error syscall spawn
320 error microtime@0.2.0 install: `node-waf configure build`
320 error spawn ENOENT
321 error Failed at the microtime@0.2.0 install script 'node-waf configure build'.
321 error Make sure you have the latest version of node.js and npm installed.
321 error If you do, this is most likely a problem with the microtime package,
321 error not with npm itself.
321 error Tell the author that this fails on your system:
321 error     node-waf configure build
321 error You can get information on how to open an issue for this project with:
321 error     npm bugs microtime
321 error Or if that isn't available, you can get their info via:
321 error     npm owner ls microtime
321 error There is likely additional logging output above.
322 verbose exit [ 1, true ]
